"static/media/logo.5d5d9eef.svg"
  source: src/logo.svg:1:44
  target: build\static\js\main.2cd7b09f.chunk.js:1:151
"div"
  source: src/App.tsx:7:5
  target: build\static\js\main.2cd7b09f.chunk.js:1:371
"App"
  source: src/App.tsx:7:20
  target: build\static\js\main.2cd7b09f.chunk.js:1:388
"header"
  source: src/App.tsx:8:7
  target: build\static\js\main.2cd7b09f.chunk.js:1:416
"App-header"
  source: src/App.tsx:8:25
  target: build\static\js\main.2cd7b09f.chunk.js:1:440
"img"
  source: src/App.tsx:9:9
  target: build\static\js\main.2cd7b09f.chunk.js:1:465
"App-logo"
  source: src/App.tsx:9:35
  target: build\static\js\main.2cd7b09f.chunk.js:1:495
"logo"
  source: src/App.tsx:9:50
  target: build\static\js\main.2cd7b09f.chunk.js:1:506
"p"
  source: src/App.tsx:10:9
  target: build\static\js\main.2cd7b09f.chunk.js:1:530
"Edit "
  source: src/App.tsx:10:9
  target: build\static\js\main.2cd7b09f.chunk.js:1:543
"code"
  source: src/App.tsx:11:16
  target: build\static\js\main.2cd7b09f.chunk.js:1:568
"src/App.tsx"
  source: src/App.tsx:11:16
  target: build\static\js\main.2cd7b09f.chunk.js:1:587
" and save to reload."
  source: src/App.tsx:10:9
  target: build\static\js\main.2cd7b09f.chunk.js:1:611
"a"
  source: src/App.tsx:13:9
  target: build\static\js\main.2cd7b09f.chunk.js:1:634
"App-link"
  source: src/App.tsx:14:21
  target: build\static\js\main.2cd7b09f.chunk.js:1:656
"https://reactjs.org"
  source: src/App.tsx:15:16
  target: build\static\js\main.2cd7b09f.chunk.js:1:683
"_blank"
  source: src/App.tsx:16:18
  target: build\static\js\main.2cd7b09f.chunk.js:1:699
"noopener noreferrer"
  source: src/App.tsx:17:15
  target: build\static\js\main.2cd7b09f.chunk.js:1:725
"Learn React"
  source: src/App.tsx:13:9
  target: build\static\js\main.2cd7b09f.chunk.js:1:740
"localhost"
  source: src/serviceWorker.ts:14:32
  target: build\static\js\main.2cd7b09f.chunk.js:1:765
"[::1]"
  source: src/serviceWorker.ts:16:34
  target: build\static\js\main.2cd7b09f.chunk.js:1:801
"root"
  source: src/index.tsx:7:50
  target: build\static\js\main.2cd7b09f.chunk.js:1:987
"serviceWorker"
  source: src/serviceWorker.ts:140:7
  target: build\static\js\main.2cd7b09f.chunk.js:1:1005
